0 info it worked if it ends with ok
1 verbose cli [ 'C:\\Program Files\\nodejs\\node.exe',
1 verbose cli   'C:\\Users\\SharePoint\\AppData\\Roaming\\npm\\node_modules\\npm\\bin\\npm-cli.js',
1 verbose cli   'run',
1 verbose cli   'copy' ]
2 info using npm@3.10.7
3 info using node@v6.10.2
4 verbose run-script [ 'precopy', 'copy', 'postcopy' ]
5 info lifecycle n-planify@0.1.0~precopy: n-planify@0.1.0
6 silly lifecycle n-planify@0.1.0~precopy: no script for precopy, continuing
7 info lifecycle n-planify@0.1.0~copy: n-planify@0.1.0
8 verbose lifecycle n-planify@0.1.0~copy: unsafe-perm in lifecycle true
9 verbose lifecycle n-planify@0.1.0~copy: PATH: C:\Users\SharePoint\AppData\Roaming\npm\node_modules\npm\bin\node-gyp-bin;C:\Users\SharePoint\Desktop\N-OfficeAddin\N-Planify\node_modules\.bin;C:\Users\SharePoint\AppData\Roaming\npm\node_modules\npm\bin\node-gyp-bin;C:\Users\SharePoint\Desktop\N-OfficeAddin\N-Planify\node_modules\.bin;C:\Program Files (x86)\Microsoft Visual Studio 14.0\Common7\IDE\Extensions\Microsoft\Windows Azure Tools\Docker\;C:\ProgramData\Oracle\Java\javapath;C:\Program Files (x86)\Intel\iCLS Client\;C:\Program Files\Intel\iCLS Client\;C:\Windows\system32;C:\Windows;C:\Windows\System32\Wbem;C:\Windows\System32\WindowsPowerShell\v1.0\;C:\Program Files\Intel\Intel(R) Management Engine Components\DAL;C:\Program Files\Intel\Intel(R) Management Engine Components\IPT;C:\Program Files (x86)\Intel\Intel(R) Management Engine Components\DAL;C:\Program Files (x86)\Intel\Intel(R) Management Engine Components\IPT;C:\Program Files\Intel\WiFi\bin\;C:\Program Files\Common Files\Intel\WirelessCommon\;C:\Program Files\Microsoft SQL Server\110\Tools\Binn\;C:\Program Files\Microsoft SQL Server\120\Tools\Binn\;C:\Program Files\Microsoft\Web Platform Installer\;C:\Program Files\TortoiseGit\bin;C:\Program Files (x86)\Java\jdk1.7.0_71\bin;C:\Program Files (x86)\Android\android-sdk\tools;C:\Program Files (x86)\Android\android-sdk\platform-tools;C:\apache-ant-1.9.3\bin;C:\Program Files (x86)\Git\cmd;C:\Program Files (x86)\QuickTime\QTSystem\;C:\Program Files (x86)\Skype\Phone\;C:\WINDOWS\system32;C:\WINDOWS;C:\WINDOWS\System32\Wbem;C:\WINDOWS\System32\WindowsPowerShell\v1.0\;c:\Program Files (x86)\Microsoft SQL Server\110\Tools\Binn\ManagementStudio\;c:\Program Files (x86)\Microsoft SQL Server\110\Tools\Binn\;c:\Program Files (x86)\Microsoft SQL Server\110\DTS\Binn\;C:\Program Files\Microsoft SQL Server\130\Tools\Binn\;C:\Program Files (x86)\Windows Kits\10\Windows Performance Toolkit\;C:\Program Files (x86)\Microsoft Emulator Manager\1.0\;C:\Users\SharePoint\.dnx\bin;.bin;C:\Users\SharePoint\AppData\Roaming\npm;C:\Program Files (x86)\Microsoft VS Code\bin;C:\Program Files\Docker Toolbox;C:\Users\SharePoint\AppData\Local\Microsoft\WindowsApps;c:\program files\docker;C:\Program Files\Docker;C:\Program Files\dotnet\;C:\Program Files\Git\cmd;C:\Program Files\nodejs\;C:\Users\SharePoint\.dnx\bin;.bin;C:\Program Files (x86)\Java\jdk1.7.0_71\bin;C:\Program Files (x86)\Android\android-sdk\tools;C:\Program Files (x86)\Android\android-sdk\platform-tools;C:\apache-ant-1.9.3\bin;C:\Program Files (x86)\Microsoft VS Code\bin;C:\Users\SharePoint\AppData\Local\Microsoft\WindowsApps;C:\Users\SharePoint\AppData\Roaming\npm
10 verbose lifecycle n-planify@0.1.0~copy: CWD: C:\Users\SharePoint\Desktop\N-OfficeAddin\N-Planify
11 silly lifecycle n-planify@0.1.0~copy: Args: [ '/d /s /c', 'cpx "src/**/!(*.ts)" dist --watch' ]
12 silly lifecycle n-planify@0.1.0~copy: Returned: code: 3221225786  signal: null
13 info lifecycle n-planify@0.1.0~copy: Failed to exec copy script
14 verbose stack Error: n-planify@0.1.0 copy: `cpx "src/**/!(*.ts)" dist --watch`
14 verbose stack Exit status 3221225786
14 verbose stack     at EventEmitter.<anonymous> (C:\Users\SharePoint\AppData\Roaming\npm\node_modules\npm\lib\utils\lifecycle.js:255:16)
14 verbose stack     at emitTwo (events.js:106:13)
14 verbose stack     at EventEmitter.emit (events.js:191:7)
14 verbose stack     at ChildProcess.<anonymous> (C:\Users\SharePoint\AppData\Roaming\npm\node_modules\npm\lib\utils\spawn.js:40:14)
14 verbose stack     at emitTwo (events.js:106:13)
14 verbose stack     at ChildProcess.emit (events.js:191:7)
14 verbose stack     at maybeClose (internal/child_process.js:886:16)
14 verbose stack     at Process.ChildProcess._handle.onexit (internal/child_process.js:226:5)
15 verbose pkgid n-planify@0.1.0
16 verbose cwd C:\Users\SharePoint\Desktop\N-OfficeAddin\N-Planify
17 error Windows_NT 10.0.14393
18 error argv "C:\\Program Files\\nodejs\\node.exe" "C:\\Users\\SharePoint\\AppData\\Roaming\\npm\\node_modules\\npm\\bin\\npm-cli.js" "run" "copy"
19 error node v6.10.2
20 error npm  v3.10.7
21 error code ELIFECYCLE
22 error n-planify@0.1.0 copy: `cpx "src/**/!(*.ts)" dist --watch`
22 error Exit status 3221225786
23 error Failed at the n-planify@0.1.0 copy script 'cpx "src/**/!(*.ts)" dist --watch'.
23 error Make sure you have the latest version of node.js and npm installed.
23 error If you do, this is most likely a problem with the n-planify package,
23 error not with npm itself.
23 error Tell the author that this fails on your system:
23 error     cpx "src/**/!(*.ts)" dist --watch
23 error You can get information on how to open an issue for this project with:
23 error     npm bugs n-planify
23 error Or if that isn't available, you can get their info via:
23 error     npm owner ls n-planify
23 error There is likely additional logging output above.
24 verbose exit [ 1, true ]
